<?xml version="1.0" encoding="UTF-8"?>
<testsuite xmlns:xsi="http://www.w3.org/2001/XMLSchema-instance" xsi:noNamespaceSchemaLocation="https://maven.apache.org/surefire/maven-surefire-plugin/xsd/surefire-test-report.xsd" name="com.mycompany.app.AppAddTwoNumbersTest" time="0" tests="5" errors="0" skipped="0" failures="0">
  <properties>
[...]
</properties>
  <testcase name="testAdditionOfZeroAndNegativeNumber" classname="com.mycompany.app.AppAddTwoNumbersTest" time="0"/>
  <testcase name="testAdditionOfZeroAndPositiveNumber" classname="com.mycompany.app.AppAddTwoNumbersTest" time="0"/>
  <testcase name="testAdditionOfPositiveNumbers" classname="com.mycompany.app.AppAddTwoNumbersTest" time="0"/>
  <testcase name="testAdditionOfNegativeNumbers" classname="com.mycompany.app.AppAddTwoNumbersTest" time="0"/>
  <testcase name="testAdditionOfMaxIntegerAndPositiveNumber" classname="com.mycompany.app.AppAddTwoNumbersTest" time="0"/>
</testsuite>